#-----------------------------------------------------------
# Vivado v2017.4 (64-bit)
# SW Build 2086221 on Fri Dec 15 20:55:39 MST 2017
# IP Build 2085800 on Fri Dec 15 22:25:07 MST 2017
# Start of session at: Thu May  1 01:02:23 2025
# Process ID: 18672
# Current directory: E:/Sustech/25Spring_ComputerDesign/Project/cpu_1
# Command line: vivado.exe -gui_launcher_event rodinguilauncherevent32844 E:\Sustech\25Spring_ComputerDesign\Project\cpu_1\cpu_1.xpr
# Log file: E:/Sustech/25Spring_ComputerDesign/Project/cpu_1/vivado.log
# Journal file: E:/Sustech/25Spring_ComputerDesign/Project/cpu_1\vivado.jou
#-----------------------------------------------------------
start_gui
open_project E:/Sustech/25Spring_ComputerDesign/Project/cpu_1/cpu_1.xpr
Scanning sources...
Finished scanning sources
INFO: [IP_Flow 19-234] Refreshing IP repositories
INFO: [IP_Flow 19-1704] No user IP repositories specified
INFO: [IP_Flow 19-2313] Loaded Vivado IP repository 'E:/Programme/Xilinx/Vivado/2017.4/data/ip'.
open_project: Time (s): cpu = 00:00:08 ; elapsed = 00:00:05 . Memory (MB): peak = 702.973 ; gain = 37.980
update_compile_order -fileset sources_1
exit
INFO: [Common 17-206] Exiting Vivado at Thu May  1 01:06:35 2025...
